___ k=2 ___

|  Character  |  Exact Counter  | Frequency Counter | Absolute Error | Relative Error (%) | Distribution (%) |
|------------------------------------------------------------------------------------------------------------|
|      u      |       25        |         0         |       -        |         -          |        -         |
|      r      |       22        |         0         |       -        |         -          |        -         |
|      i      |       10        |         0         |       -        |         -          |        -         |
|      z      |        5        |         0         |       -        |         -          |        -         |
|      e      |        4        |         0         |       -        |         -          |        -         |
|      b      |        4        |         0         |       -        |         -          |        -         |
|      l      |        4        |         0         |       -        |         -          |        -         |
|      p      |        4        |         0         |       -        |         -          |        -         |
|      y      |        3        |         0         |       -        |         -          |        -         |
|      v      |        2        |         0         |       -        |         -          |        -         |
|      m      |        2        |         0         |       -        |         -          |        -         |
|      o      |        2        |         0         |       -        |         -          |        -         |
|      x      |        2        |         0         |       -        |         -          |        -         |
|      g      |        2        |         0         |       -        |         -          |        -         |
|      f      |        2        |         0         |       -        |         -          |        -         |
|      s      |        2        |         0         |       -        |         -          |        -         |
|      w      |        1        |         0         |       -        |         -          |        -         |
|      j      |        1        |         0         |       -        |         -          |        -         |
|      c      |        1        |         0         |       -        |         -          |        -         |
|      q      |        1        |         0         |       -        |         -          |        -         |
|      k      |        1        |         0         |       -        |         -          |        -         |


|  Exact Counter  |  Frequency Counter   |   Match   |
|----------------------------------------------------|
|        u        |          -           |     -     |
|        r        |          -           |     -     |
|        i        |          -           |     -     |
|        z        |          -           |     -     |
|        e        |          -           |     -     |
|        b        |          -           |     -     |
|        l        |          -           |     -     |
|        p        |          -           |     -     |
|        y        |          -           |     -     |
|        v        |          -           |     -     |
|        m        |          -           |     -     |
|        o        |          -           |     -     |
|        x        |          -           |     -     |
|        g        |          -           |     -     |
|        f        |          -           |     -     |
|        s        |          -           |     -     |
|        w        |          -           |     -     |
|        j        |          -           |     -     |
|        c        |          -           |     -     |
|        q        |          -           |     -     |
|        k        |          -           |     -     |

Used counters: 0 of total 1
Accuracy: 0.0%

___ k=3 ___

|  Character  |  Exact Counter  | Frequency Counter | Absolute Error | Relative Error (%) | Distribution (%) |
|------------------------------------------------------------------------------------------------------------|
|      u      |       25        |         0         |       -        |         -          |        -         |
|      r      |       22        |         0         |       -        |         -          |        -         |
|      i      |       10        |         0         |       -        |         -          |        -         |
|      z      |        5        |         0         |       -        |         -          |        -         |
|      e      |        4        |         0         |       -        |         -          |        -         |
|      b      |        4        |         0         |       -        |         -          |        -         |
|      l      |        4        |         0         |       -        |         -          |        -         |
|      p      |        4        |         0         |       -        |         -          |        -         |
|      y      |        3        |         0         |       -        |         -          |        -         |
|      v      |        2        |         0         |       -        |         -          |        -         |
|      m      |        2        |         0         |       -        |         -          |        -         |
|      o      |        2        |         0         |       -        |         -          |        -         |
|      x      |        2        |         0         |       -        |         -          |        -         |
|      g      |        2        |         0         |       -        |         -          |        -         |
|      f      |        2        |         0         |       -        |         -          |        -         |
|      s      |        2        |         0         |       -        |         -          |        -         |
|      w      |        1        |         0         |       -        |         -          |        -         |
|      j      |        1        |         0         |       -        |         -          |        -         |
|      c      |        1        |         0         |       -        |         -          |        -         |
|      q      |        1        |         0         |       -        |         -          |        -         |
|      k      |        1        |         1         |       0        |        0.0         |       1.0        |


|  Exact Counter  |  Frequency Counter   |   Match   |
|----------------------------------------------------|
|        u        |          k           |   False   |
|        r        |          -           |     -     |
|        i        |          -           |     -     |
|        z        |          -           |     -     |
|        e        |          -           |     -     |
|        b        |          -           |     -     |
|        l        |          -           |     -     |
|        p        |          -           |     -     |
|        y        |          -           |     -     |
|        v        |          -           |     -     |
|        m        |          -           |     -     |
|        o        |          -           |     -     |
|        x        |          -           |     -     |
|        g        |          -           |     -     |
|        f        |          -           |     -     |
|        s        |          -           |     -     |
|        w        |          -           |     -     |
|        j        |          -           |     -     |
|        c        |          -           |     -     |
|        q        |          -           |     -     |
|        k        |          -           |     -     |

Used counters: 1 of total 2
Accuracy: 0.0%

___ k=4 ___

|  Character  |  Exact Counter  | Frequency Counter | Absolute Error | Relative Error (%) | Distribution (%) |
|------------------------------------------------------------------------------------------------------------|
|      u      |       25        |         2         |       23       |        92.0        |       2.0        |
|      r      |       22        |         2         |       20       |       90.91        |       2.0        |
|      i      |       10        |         0         |       -        |         -          |        -         |
|      z      |        5        |         0         |       -        |         -          |        -         |
|      e      |        4        |         0         |       -        |         -          |        -         |
|      b      |        4        |         0         |       -        |         -          |        -         |
|      l      |        4        |         0         |       -        |         -          |        -         |
|      p      |        4        |         0         |       -        |         -          |        -         |
|      y      |        3        |         0         |       -        |         -          |        -         |
|      v      |        2        |         0         |       -        |         -          |        -         |
|      m      |        2        |         0         |       -        |         -          |        -         |
|      o      |        2        |         0         |       -        |         -          |        -         |
|      x      |        2        |         0         |       -        |         -          |        -         |
|      g      |        2        |         0         |       -        |         -          |        -         |
|      f      |        2        |         0         |       -        |         -          |        -         |
|      s      |        2        |         0         |       -        |         -          |        -         |
|      w      |        1        |         0         |       -        |         -          |        -         |
|      j      |        1        |         0         |       -        |         -          |        -         |
|      c      |        1        |         0         |       -        |         -          |        -         |
|      q      |        1        |         0         |       -        |         -          |        -         |
|      k      |        1        |         0         |       -        |         -          |        -         |


|  Exact Counter  |  Frequency Counter   |   Match   |
|----------------------------------------------------|
|        u        |          u           |   True    |
|        r        |          r           |   True    |
|        i        |          -           |     -     |
|        z        |          -           |     -     |
|        e        |          -           |     -     |
|        b        |          -           |     -     |
|        l        |          -           |     -     |
|        p        |          -           |     -     |
|        y        |          -           |     -     |
|        v        |          -           |     -     |
|        m        |          -           |     -     |
|        o        |          -           |     -     |
|        x        |          -           |     -     |
|        g        |          -           |     -     |
|        f        |          -           |     -     |
|        s        |          -           |     -     |
|        w        |          -           |     -     |
|        j        |          -           |     -     |
|        c        |          -           |     -     |
|        q        |          -           |     -     |
|        k        |          -           |     -     |

Used counters: 2 of total 3
Accuracy: 100.0%

___ k=5 ___

|  Character  |  Exact Counter  | Frequency Counter | Absolute Error | Relative Error (%) | Distribution (%) |
|------------------------------------------------------------------------------------------------------------|
|      u      |       25        |         8         |       17       |        68.0        |       8.0        |
|      r      |       22        |         6         |       16       |       72.73        |       6.0        |
|      i      |       10        |         0         |       -        |         -          |        -         |
|      z      |        5        |         0         |       -        |         -          |        -         |
|      e      |        4        |         0         |       -        |         -          |        -         |
|      b      |        4        |         0         |       -        |         -          |        -         |
|      l      |        4        |         0         |       -        |         -          |        -         |
|      p      |        4        |         0         |       -        |         -          |        -         |
|      y      |        3        |         0         |       -        |         -          |        -         |
|      v      |        2        |         0         |       -        |         -          |        -         |
|      m      |        2        |         0         |       -        |         -          |        -         |
|      o      |        2        |         0         |       -        |         -          |        -         |
|      x      |        2        |         0         |       -        |         -          |        -         |
|      g      |        2        |         0         |       -        |         -          |        -         |
|      f      |        2        |         0         |       -        |         -          |        -         |
|      s      |        2        |         0         |       -        |         -          |        -         |
|      w      |        1        |         0         |       -        |         -          |        -         |
|      j      |        1        |         0         |       -        |         -          |        -         |
|      c      |        1        |         0         |       -        |         -          |        -         |
|      q      |        1        |         0         |       -        |         -          |        -         |
|      k      |        1        |         1         |       0        |        0.0         |       1.0        |


|  Exact Counter  |  Frequency Counter   |   Match   |
|----------------------------------------------------|
|        u        |          u           |   True    |
|        r        |          r           |   True    |
|        i        |          k           |   False   |
|        z        |          -           |     -     |
|        e        |          -           |     -     |
|        b        |          -           |     -     |
|        l        |          -           |     -     |
|        p        |          -           |     -     |
|        y        |          -           |     -     |
|        v        |          -           |     -     |
|        m        |          -           |     -     |
|        o        |          -           |     -     |
|        x        |          -           |     -     |
|        g        |          -           |     -     |
|        f        |          -           |     -     |
|        s        |          -           |     -     |
|        w        |          -           |     -     |
|        j        |          -           |     -     |
|        c        |          -           |     -     |
|        q        |          -           |     -     |
|        k        |          -           |     -     |

Used counters: 3 of total 4
Accuracy: 66.67%

___ k=6 ___

|  Character  |  Exact Counter  | Frequency Counter | Absolute Error | Relative Error (%) | Distribution (%) |
|------------------------------------------------------------------------------------------------------------|
|      u      |       25        |        12         |       13       |        52.0        |       12.0       |
|      r      |       22        |         9         |       13       |       59.09        |       9.0        |
|      i      |       10        |         0         |       -        |         -          |        -         |
|      z      |        5        |         0         |       -        |         -          |        -         |
|      e      |        4        |         0         |       -        |         -          |        -         |
|      b      |        4        |         0         |       -        |         -          |        -         |
|      l      |        4        |         0         |       -        |         -          |        -         |
|      p      |        4        |         0         |       -        |         -          |        -         |
|      y      |        3        |         0         |       -        |         -          |        -         |
|      v      |        2        |         0         |       -        |         -          |        -         |
|      m      |        2        |         0         |       -        |         -          |        -         |
|      o      |        2        |         0         |       -        |         -          |        -         |
|      x      |        2        |         0         |       -        |         -          |        -         |
|      g      |        2        |         0         |       -        |         -          |        -         |
|      f      |        2        |         0         |       -        |         -          |        -         |
|      s      |        2        |         0         |       -        |         -          |        -         |
|      w      |        1        |         0         |       -        |         -          |        -         |
|      j      |        1        |         0         |       -        |         -          |        -         |
|      c      |        1        |         0         |       -        |         -          |        -         |
|      q      |        1        |         0         |       -        |         -          |        -         |
|      k      |        1        |         1         |       0        |        0.0         |       1.0        |


|  Exact Counter  |  Frequency Counter   |   Match   |
|----------------------------------------------------|
|        u        |          u           |   True    |
|        r        |          r           |   True    |
|        i        |          k           |   False   |
|        z        |          -           |     -     |
|        e        |          -           |     -     |
|        b        |          -           |     -     |
|        l        |          -           |     -     |
|        p        |          -           |     -     |
|        y        |          -           |     -     |
|        v        |          -           |     -     |
|        m        |          -           |     -     |
|        o        |          -           |     -     |
|        x        |          -           |     -     |
|        g        |          -           |     -     |
|        f        |          -           |     -     |
|        s        |          -           |     -     |
|        w        |          -           |     -     |
|        j        |          -           |     -     |
|        c        |          -           |     -     |
|        q        |          -           |     -     |
|        k        |          -           |     -     |

Used counters: 3 of total 5
Accuracy: 66.67%

___ k=7 ___

|  Character  |  Exact Counter  | Frequency Counter | Absolute Error | Relative Error (%) | Distribution (%) |
|------------------------------------------------------------------------------------------------------------|
|      u      |       25        |        15         |       10       |        40.0        |       15.0       |
|      r      |       22        |        12         |       10       |       45.45        |       12.0       |
|      i      |       10        |         0         |       -        |         -          |        -         |
|      z      |        5        |         0         |       -        |         -          |        -         |
|      e      |        4        |         0         |       -        |         -          |        -         |
|      b      |        4        |         0         |       -        |         -          |        -         |
|      l      |        4        |         0         |       -        |         -          |        -         |
|      p      |        4        |         0         |       -        |         -          |        -         |
|      y      |        3        |         0         |       -        |         -          |        -         |
|      v      |        2        |         1         |       1        |        50.0        |       1.0        |
|      m      |        2        |         1         |       1        |        50.0        |       1.0        |
|      o      |        2        |         0         |       -        |         -          |        -         |
|      x      |        2        |         0         |       -        |         -          |        -         |
|      g      |        2        |         0         |       -        |         -          |        -         |
|      f      |        2        |         0         |       -        |         -          |        -         |
|      s      |        2        |         0         |       -        |         -          |        -         |
|      w      |        1        |         0         |       -        |         -          |        -         |
|      j      |        1        |         0         |       -        |         -          |        -         |
|      c      |        1        |         0         |       -        |         -          |        -         |
|      q      |        1        |         0         |       -        |         -          |        -         |
|      k      |        1        |         1         |       0        |        0.0         |       1.0        |


|  Exact Counter  |  Frequency Counter   |   Match   |
|----------------------------------------------------|
|        u        |          u           |   True    |
|        r        |          r           |   True    |
|        i        |          v           |   False   |
|        z        |          m           |   False   |
|        e        |          k           |   False   |
|        b        |          -           |     -     |
|        l        |          -           |     -     |
|        p        |          -           |     -     |
|        y        |          -           |     -     |
|        v        |          -           |     -     |
|        m        |          -           |     -     |
|        o        |          -           |     -     |
|        x        |          -           |     -     |
|        g        |          -           |     -     |
|        f        |          -           |     -     |
|        s        |          -           |     -     |
|        w        |          -           |     -     |
|        j        |          -           |     -     |
|        c        |          -           |     -     |
|        q        |          -           |     -     |
|        k        |          -           |     -     |

Used counters: 5 of total 6
Accuracy: 40.0%

___ k=8 ___

|  Character  |  Exact Counter  | Frequency Counter | Absolute Error | Relative Error (%) | Distribution (%) |
|------------------------------------------------------------------------------------------------------------|
|      u      |       25        |        17         |       8        |        32.0        |       17.0       |
|      r      |       22        |        14         |       8        |       36.36        |       14.0       |
|      i      |       10        |         2         |       8        |        80.0        |       2.0        |
|      z      |        5        |         0         |       -        |         -          |        -         |
|      e      |        4        |         1         |       3        |        75.0        |       1.0        |
|      b      |        4        |         0         |       -        |         -          |        -         |
|      l      |        4        |         0         |       -        |         -          |        -         |
|      p      |        4        |         0         |       -        |         -          |        -         |
|      y      |        3        |         0         |       -        |         -          |        -         |
|      v      |        2        |         0         |       -        |         -          |        -         |
|      m      |        2        |         1         |       1        |        50.0        |       1.0        |
|      o      |        2        |         0         |       -        |         -          |        -         |
|      x      |        2        |         0         |       -        |         -          |        -         |
|      g      |        2        |         0         |       -        |         -          |        -         |
|      f      |        2        |         0         |       -        |         -          |        -         |
|      s      |        2        |         0         |       -        |         -          |        -         |
|      w      |        1        |         0         |       -        |         -          |        -         |
|      j      |        1        |         0         |       -        |         -          |        -         |
|      c      |        1        |         0         |       -        |         -          |        -         |
|      q      |        1        |         0         |       -        |         -          |        -         |
|      k      |        1        |         1         |       0        |        0.0         |       1.0        |


|  Exact Counter  |  Frequency Counter   |   Match   |
|----------------------------------------------------|
|        u        |          u           |   True    |
|        r        |          r           |   True    |
|        i        |          i           |   True    |
|        z        |          e           |   False   |
|        e        |          m           |   False   |
|        b        |          k           |   False   |
|        l        |          -           |     -     |
|        p        |          -           |     -     |
|        y        |          -           |     -     |
|        v        |          -           |     -     |
|        m        |          -           |     -     |
|        o        |          -           |     -     |
|        x        |          -           |     -     |
|        g        |          -           |     -     |
|        f        |          -           |     -     |
|        s        |          -           |     -     |
|        w        |          -           |     -     |
|        j        |          -           |     -     |
|        c        |          -           |     -     |
|        q        |          -           |     -     |
|        k        |          -           |     -     |

Used counters: 6 of total 7
Accuracy: 50.0%

___ k=9 ___

|  Character  |  Exact Counter  | Frequency Counter | Absolute Error | Relative Error (%) | Distribution (%) |
|------------------------------------------------------------------------------------------------------------|
|      u      |       25        |        18         |       7        |        28.0        |       18.0       |
|      r      |       22        |        15         |       7        |       31.82        |       15.0       |
|      i      |       10        |         3         |       7        |        70.0        |       3.0        |
|      z      |        5        |         0         |       -        |         -          |        -         |
|      e      |        4        |         0         |       -        |         -          |        -         |
|      b      |        4        |         0         |       -        |         -          |        -         |
|      l      |        4        |         0         |       -        |         -          |        -         |
|      p      |        4        |         0         |       -        |         -          |        -         |
|      y      |        3        |         0         |       -        |         -          |        -         |
|      v      |        2        |         0         |       -        |         -          |        -         |
|      m      |        2        |         0         |       -        |         -          |        -         |
|      o      |        2        |         0         |       -        |         -          |        -         |
|      x      |        2        |         0         |       -        |         -          |        -         |
|      g      |        2        |         0         |       -        |         -          |        -         |
|      f      |        2        |         0         |       -        |         -          |        -         |
|      s      |        2        |         0         |       -        |         -          |        -         |
|      w      |        1        |         0         |       -        |         -          |        -         |
|      j      |        1        |         0         |       -        |         -          |        -         |
|      c      |        1        |         0         |       -        |         -          |        -         |
|      q      |        1        |         0         |       -        |         -          |        -         |
|      k      |        1        |         1         |       0        |        0.0         |       1.0        |


|  Exact Counter  |  Frequency Counter   |   Match   |
|----------------------------------------------------|
|        u        |          u           |   True    |
|        r        |          r           |   True    |
|        i        |          i           |   True    |
|        z        |          k           |   False   |
|        e        |          -           |     -     |
|        b        |          -           |     -     |
|        l        |          -           |     -     |
|        p        |          -           |     -     |
|        y        |          -           |     -     |
|        v        |          -           |     -     |
|        m        |          -           |     -     |
|        o        |          -           |     -     |
|        x        |          -           |     -     |
|        g        |          -           |     -     |
|        f        |          -           |     -     |
|        s        |          -           |     -     |
|        w        |          -           |     -     |
|        j        |          -           |     -     |
|        c        |          -           |     -     |
|        q        |          -           |     -     |
|        k        |          -           |     -     |

Used counters: 4 of total 8
Accuracy: 75.0%

___ k=10 ___

|  Character  |  Exact Counter  | Frequency Counter | Absolute Error | Relative Error (%) | Distribution (%) |
|------------------------------------------------------------------------------------------------------------|
|      u      |       25        |        19         |       6        |        24.0        |       19.0       |
|      r      |       22        |        16         |       6        |       27.27        |       16.0       |
|      i      |       10        |         4         |       6        |        60.0        |       4.0        |
|      z      |        5        |         0         |       -        |         -          |        -         |
|      e      |        4        |         0         |       -        |         -          |        -         |
|      b      |        4        |         0         |       -        |         -          |        -         |
|      l      |        4        |         0         |       -        |         -          |        -         |
|      p      |        4        |         0         |       -        |         -          |        -         |
|      y      |        3        |         0         |       -        |         -          |        -         |
|      v      |        2        |         0         |       -        |         -          |        -         |
|      m      |        2        |         0         |       -        |         -          |        -         |
|      o      |        2        |         0         |       -        |         -          |        -         |
|      x      |        2        |         0         |       -        |         -          |        -         |
|      g      |        2        |         0         |       -        |         -          |        -         |
|      f      |        2        |         0         |       -        |         -          |        -         |
|      s      |        2        |         0         |       -        |         -          |        -         |
|      w      |        1        |         0         |       -        |         -          |        -         |
|      j      |        1        |         0         |       -        |         -          |        -         |
|      c      |        1        |         0         |       -        |         -          |        -         |
|      q      |        1        |         0         |       -        |         -          |        -         |
|      k      |        1        |         1         |       0        |        0.0         |       1.0        |


|  Exact Counter  |  Frequency Counter   |   Match   |
|----------------------------------------------------|
|        u        |          u           |   True    |
|        r        |          r           |   True    |
|        i        |          i           |   True    |
|        z        |          k           |   False   |
|        e        |          -           |     -     |
|        b        |          -           |     -     |
|        l        |          -           |     -     |
|        p        |          -           |     -     |
|        y        |          -           |     -     |
|        v        |          -           |     -     |
|        m        |          -           |     -     |
|        o        |          -           |     -     |
|        x        |          -           |     -     |
|        g        |          -           |     -     |
|        f        |          -           |     -     |
|        s        |          -           |     -     |
|        w        |          -           |     -     |
|        j        |          -           |     -     |
|        c        |          -           |     -     |
|        q        |          -           |     -     |
|        k        |          -           |     -     |

Used counters: 4 of total 9
Accuracy: 75.0%

___ k=11 ___

|  Character  |  Exact Counter  | Frequency Counter | Absolute Error | Relative Error (%) | Distribution (%) |
|------------------------------------------------------------------------------------------------------------|
|      u      |       25        |        20         |       5        |        20.0        |       20.0       |
|      r      |       22        |        17         |       5        |       22.73        |       17.0       |
|      i      |       10        |         5         |       5        |        50.0        |       5.0        |
|      z      |        5        |         0         |       -        |         -          |        -         |
|      e      |        4        |         0         |       -        |         -          |        -         |
|      b      |        4        |         0         |       -        |         -          |        -         |
|      l      |        4        |         0         |       -        |         -          |        -         |
|      p      |        4        |         0         |       -        |         -          |        -         |
|      y      |        3        |         0         |       -        |         -          |        -         |
|      v      |        2        |         1         |       1        |        50.0        |       1.0        |
|      m      |        2        |         1         |       1        |        50.0        |       1.0        |
|      o      |        2        |         0         |       -        |         -          |        -         |
|      x      |        2        |         0         |       -        |         -          |        -         |
|      g      |        2        |         0         |       -        |         -          |        -         |
|      f      |        2        |         0         |       -        |         -          |        -         |
|      s      |        2        |         0         |       -        |         -          |        -         |
|      w      |        1        |         0         |       -        |         -          |        -         |
|      j      |        1        |         0         |       -        |         -          |        -         |
|      c      |        1        |         0         |       -        |         -          |        -         |
|      q      |        1        |         0         |       -        |         -          |        -         |
|      k      |        1        |         1         |       0        |        0.0         |       1.0        |


|  Exact Counter  |  Frequency Counter   |   Match   |
|----------------------------------------------------|
|        u        |          u           |   True    |
|        r        |          r           |   True    |
|        i        |          i           |   True    |
|        z        |          v           |   False   |
|        e        |          m           |   False   |
|        b        |          k           |   False   |
|        l        |          -           |     -     |
|        p        |          -           |     -     |
|        y        |          -           |     -     |
|        v        |          -           |     -     |
|        m        |          -           |     -     |
|        o        |          -           |     -     |
|        x        |          -           |     -     |
|        g        |          -           |     -     |
|        f        |          -           |     -     |
|        s        |          -           |     -     |
|        w        |          -           |     -     |
|        j        |          -           |     -     |
|        c        |          -           |     -     |
|        q        |          -           |     -     |
|        k        |          -           |     -     |

Used counters: 6 of total 10
Accuracy: 50.0%

___ k=12 ___

|  Character  |  Exact Counter  | Frequency Counter | Absolute Error | Relative Error (%) | Distribution (%) |
|------------------------------------------------------------------------------------------------------------|
|      u      |       25        |        21         |       4        |        16.0        |       21.0       |
|      r      |       22        |        18         |       4        |       18.18        |       18.0       |
|      i      |       10        |         6         |       4        |        40.0        |       6.0        |
|      z      |        5        |         1         |       4        |        80.0        |       1.0        |
|      e      |        4        |         1         |       3        |        75.0        |       1.0        |
|      b      |        4        |         1         |       3        |        75.0        |       1.0        |
|      l      |        4        |         0         |       -        |         -          |        -         |
|      p      |        4        |         1         |       3        |        75.0        |       1.0        |
|      y      |        3        |         0         |       -        |         -          |        -         |
|      v      |        2        |         1         |       1        |        50.0        |       1.0        |
|      m      |        2        |         1         |       1        |        50.0        |       1.0        |
|      o      |        2        |         0         |       -        |         -          |        -         |
|      x      |        2        |         0         |       -        |         -          |        -         |
|      g      |        2        |         0         |       -        |         -          |        -         |
|      f      |        2        |         0         |       -        |         -          |        -         |
|      s      |        2        |         0         |       -        |         -          |        -         |
|      w      |        1        |         0         |       -        |         -          |        -         |
|      j      |        1        |         0         |       -        |         -          |        -         |
|      c      |        1        |         0         |       -        |         -          |        -         |
|      q      |        1        |         0         |       -        |         -          |        -         |
|      k      |        1        |         1         |       0        |        0.0         |       1.0        |


|  Exact Counter  |  Frequency Counter   |   Match   |
|----------------------------------------------------|
|        u        |          u           |   True    |
|        r        |          r           |   True    |
|        i        |          i           |   True    |
|        z        |          p           |   False   |
|        e        |          b           |   False   |
|        b        |          z           |   False   |
|        l        |          e           |   False   |
|        p        |          v           |   False   |
|        y        |          m           |   False   |
|        v        |          k           |   False   |
|        m        |          -           |     -     |
|        o        |          -           |     -     |
|        x        |          -           |     -     |
|        g        |          -           |     -     |
|        f        |          -           |     -     |
|        s        |          -           |     -     |
|        w        |          -           |     -     |
|        j        |          -           |     -     |
|        c        |          -           |     -     |
|        q        |          -           |     -     |
|        k        |          -           |     -     |

Used counters: 10 of total 11
Accuracy: 30.0%

___ k=13 ___

|  Character  |  Exact Counter  | Frequency Counter | Absolute Error | Relative Error (%) | Distribution (%) |
|------------------------------------------------------------------------------------------------------------|
|      u      |       25        |        21         |       4        |        16.0        |       21.0       |
|      r      |       22        |        18         |       4        |       18.18        |       18.0       |
|      i      |       10        |         6         |       4        |        40.0        |       6.0        |
|      z      |        5        |         1         |       4        |        80.0        |       1.0        |
|      e      |        4        |         0         |       -        |         -          |        -         |
|      b      |        4        |         0         |       -        |         -          |        -         |
|      l      |        4        |         0         |       -        |         -          |        -         |
|      p      |        4        |         1         |       3        |        75.0        |       1.0        |
|      y      |        3        |         0         |       -        |         -          |        -         |
|      v      |        2        |         0         |       -        |         -          |        -         |
|      m      |        2        |         0         |       -        |         -          |        -         |
|      o      |        2        |         0         |       -        |         -          |        -         |
|      x      |        2        |         0         |       -        |         -          |        -         |
|      g      |        2        |         0         |       -        |         -          |        -         |
|      f      |        2        |         0         |       -        |         -          |        -         |
|      s      |        2        |         0         |       -        |         -          |        -         |
|      w      |        1        |         0         |       -        |         -          |        -         |
|      j      |        1        |         0         |       -        |         -          |        -         |
|      c      |        1        |         0         |       -        |         -          |        -         |
|      q      |        1        |         0         |       -        |         -          |        -         |
|      k      |        1        |         1         |       0        |        0.0         |       1.0        |


|  Exact Counter  |  Frequency Counter   |   Match   |
|----------------------------------------------------|
|        u        |          u           |   True    |
|        r        |          r           |   True    |
|        i        |          i           |   True    |
|        z        |          p           |   False   |
|        e        |          z           |   False   |
|        b        |          k           |   False   |
|        l        |          -           |     -     |
|        p        |          -           |     -     |
|        y        |          -           |     -     |
|        v        |          -           |     -     |
|        m        |          -           |     -     |
|        o        |          -           |     -     |
|        x        |          -           |     -     |
|        g        |          -           |     -     |
|        f        |          -           |     -     |
|        s        |          -           |     -     |
|        w        |          -           |     -     |
|        j        |          -           |     -     |
|        c        |          -           |     -     |
|        q        |          -           |     -     |
|        k        |          -           |     -     |

Used counters: 6 of total 12
Accuracy: 50.0%

___ k=14 ___

|  Character  |  Exact Counter  | Frequency Counter | Absolute Error | Relative Error (%) | Distribution (%) |
|------------------------------------------------------------------------------------------------------------|
|      u      |       25        |        22         |       3        |        12.0        |       22.0       |
|      r      |       22        |        19         |       3        |       13.64        |       19.0       |
|      i      |       10        |         7         |       3        |        30.0        |       7.0        |
|      z      |        5        |         2         |       3        |        60.0        |       2.0        |
|      e      |        4        |         1         |       3        |        75.0        |       1.0        |
|      b      |        4        |         1         |       3        |        75.0        |       1.0        |
|      l      |        4        |         1         |       3        |        75.0        |       1.0        |
|      p      |        4        |         2         |       2        |        50.0        |       2.0        |
|      y      |        3        |         1         |       2        |       66.67        |       1.0        |
|      v      |        2        |         0         |       -        |         -          |        -         |
|      m      |        2        |         1         |       1        |        50.0        |       1.0        |
|      o      |        2        |         0         |       -        |         -          |        -         |
|      x      |        2        |         0         |       -        |         -          |        -         |
|      g      |        2        |         0         |       -        |         -          |        -         |
|      f      |        2        |         0         |       -        |         -          |        -         |
|      s      |        2        |         0         |       -        |         -          |        -         |
|      w      |        1        |         0         |       -        |         -          |        -         |
|      j      |        1        |         0         |       -        |         -          |        -         |
|      c      |        1        |         0         |       -        |         -          |        -         |
|      q      |        1        |         0         |       -        |         -          |        -         |
|      k      |        1        |         1         |       0        |        0.0         |       1.0        |


|  Exact Counter  |  Frequency Counter   |   Match   |
|----------------------------------------------------|
|        u        |          u           |   True    |
|        r        |          r           |   True    |
|        i        |          i           |   True    |
|        z        |          z           |   True    |
|        e        |          p           |   False   |
|        b        |          y           |   False   |
|        l        |          l           |   True    |
|        p        |          b           |   False   |
|        y        |          e           |   False   |
|        v        |          m           |   False   |
|        m        |          k           |   False   |
|        o        |          -           |     -     |
|        x        |          -           |     -     |
|        g        |          -           |     -     |
|        f        |          -           |     -     |
|        s        |          -           |     -     |
|        w        |          -           |     -     |
|        j        |          -           |     -     |
|        c        |          -           |     -     |
|        q        |          -           |     -     |
|        k        |          -           |     -     |

Used counters: 11 of total 13
Accuracy: 45.45%

___ k=15 ___

|  Character  |  Exact Counter  | Frequency Counter | Absolute Error | Relative Error (%) | Distribution (%) |
|------------------------------------------------------------------------------------------------------------|
|      u      |       25        |        22         |       3        |        12.0        |       22.0       |
|      r      |       22        |        19         |       3        |       13.64        |       19.0       |
|      i      |       10        |         7         |       3        |        30.0        |       7.0        |
|      z      |        5        |         2         |       3        |        60.0        |       2.0        |
|      e      |        4        |         1         |       3        |        75.0        |       1.0        |
|      b      |        4        |         1         |       3        |        75.0        |       1.0        |
|      l      |        4        |         1         |       3        |        75.0        |       1.0        |
|      p      |        4        |         1         |       3        |        75.0        |       1.0        |
|      y      |        3        |         1         |       2        |       66.67        |       1.0        |
|      v      |        2        |         0         |       -        |         -          |        -         |
|      m      |        2        |         0         |       -        |         -          |        -         |
|      o      |        2        |         0         |       -        |         -          |        -         |
|      x      |        2        |         0         |       -        |         -          |        -         |
|      g      |        2        |         0         |       -        |         -          |        -         |
|      f      |        2        |         0         |       -        |         -          |        -         |
|      s      |        2        |         0         |       -        |         -          |        -         |
|      w      |        1        |         0         |       -        |         -          |        -         |
|      j      |        1        |         0         |       -        |         -          |        -         |
|      c      |        1        |         0         |       -        |         -          |        -         |
|      q      |        1        |         0         |       -        |         -          |        -         |
|      k      |        1        |         0         |       -        |         -          |        -         |


|  Exact Counter  |  Frequency Counter   |   Match   |
|----------------------------------------------------|
|        u        |          u           |   True    |
|        r        |          r           |   True    |
|        i        |          i           |   True    |
|        z        |          z           |   True    |
|        e        |          y           |   False   |
|        b        |          p           |   False   |
|        l        |          l           |   True    |
|        p        |          b           |   False   |
|        y        |          e           |   False   |
|        v        |          -           |     -     |
|        m        |          -           |     -     |
|        o        |          -           |     -     |
|        x        |          -           |     -     |
|        g        |          -           |     -     |
|        f        |          -           |     -     |
|        s        |          -           |     -     |
|        w        |          -           |     -     |
|        j        |          -           |     -     |
|        c        |          -           |     -     |
|        q        |          -           |     -     |
|        k        |          -           |     -     |

Used counters: 9 of total 14
Accuracy: 55.56%

___ k=16 ___

|  Character  |  Exact Counter  | Frequency Counter | Absolute Error | Relative Error (%) | Distribution (%) |
|------------------------------------------------------------------------------------------------------------|
|      u      |       25        |        23         |       2        |        8.0         |       23.0       |
|      r      |       22        |        20         |       2        |        9.09        |       20.0       |
|      i      |       10        |         8         |       2        |        20.0        |       8.0        |
|      z      |        5        |         3         |       2        |        40.0        |       3.0        |
|      e      |        4        |         2         |       2        |        50.0        |       2.0        |
|      b      |        4        |         2         |       2        |        50.0        |       2.0        |
|      l      |        4        |         2         |       2        |        50.0        |       2.0        |
|      p      |        4        |         2         |       2        |        50.0        |       2.0        |
|      y      |        3        |         2         |       1        |       33.33        |       2.0        |
|      v      |        2        |         1         |       1        |        50.0        |       1.0        |
|      m      |        2        |         1         |       1        |        50.0        |       1.0        |
|      o      |        2        |         0         |       -        |         -          |        -         |
|      x      |        2        |         0         |       -        |         -          |        -         |
|      g      |        2        |         0         |       -        |         -          |        -         |
|      f      |        2        |         0         |       -        |         -          |        -         |
|      s      |        2        |         0         |       -        |         -          |        -         |
|      w      |        1        |         0         |       -        |         -          |        -         |
|      j      |        1        |         0         |       -        |         -          |        -         |
|      c      |        1        |         0         |       -        |         -          |        -         |
|      q      |        1        |         1         |       0        |        0.0         |       1.0        |
|      k      |        1        |         1         |       0        |        0.0         |       1.0        |


|  Exact Counter  |  Frequency Counter   |   Match   |
|----------------------------------------------------|
|        u        |          u           |   True    |
|        r        |          r           |   True    |
|        i        |          i           |   True    |
|        z        |          z           |   True    |
|        e        |          e           |   True    |
|        b        |          y           |   False   |
|        l        |          p           |   False   |
|        p        |          l           |   False   |
|        y        |          b           |   False   |
|        v        |          q           |   False   |
|        m        |          v           |   False   |
|        o        |          m           |   False   |
|        x        |          k           |   False   |
|        g        |          -           |     -     |
|        f        |          -           |     -     |
|        s        |          -           |     -     |
|        w        |          -           |     -     |
|        j        |          -           |     -     |
|        c        |          -           |     -     |
|        q        |          -           |     -     |
|        k        |          -           |     -     |

Used counters: 13 of total 15
Accuracy: 38.46%

___ k=17 ___

|  Character  |  Exact Counter  | Frequency Counter | Absolute Error | Relative Error (%) | Distribution (%) |
|------------------------------------------------------------------------------------------------------------|
|      u      |       25        |        23         |       2        |        8.0         |       23.0       |
|      r      |       22        |        20         |       2        |        9.09        |       20.0       |
|      i      |       10        |         8         |       2        |        20.0        |       8.0        |
|      z      |        5        |         3         |       2        |        40.0        |       3.0        |
|      e      |        4        |         2         |       2        |        50.0        |       2.0        |
|      b      |        4        |         2         |       2        |        50.0        |       2.0        |
|      l      |        4        |         2         |       2        |        50.0        |       2.0        |
|      p      |        4        |         2         |       2        |        50.0        |       2.0        |
|      y      |        3        |         1         |       2        |       66.67        |       1.0        |
|      v      |        2        |         1         |       1        |        50.0        |       1.0        |
|      m      |        2        |         1         |       1        |        50.0        |       1.0        |
|      o      |        2        |         0         |       -        |         -          |        -         |
|      x      |        2        |         0         |       -        |         -          |        -         |
|      g      |        2        |         0         |       -        |         -          |        -         |
|      f      |        2        |         0         |       -        |         -          |        -         |
|      s      |        2        |         0         |       -        |         -          |        -         |
|      w      |        1        |         0         |       -        |         -          |        -         |
|      j      |        1        |         0         |       -        |         -          |        -         |
|      c      |        1        |         0         |       -        |         -          |        -         |
|      q      |        1        |         0         |       -        |         -          |        -         |
|      k      |        1        |         1         |       0        |        0.0         |       1.0        |


|  Exact Counter  |  Frequency Counter   |   Match   |
|----------------------------------------------------|
|        u        |          u           |   True    |
|        r        |          r           |   True    |
|        i        |          i           |   True    |
|        z        |          z           |   True    |
|        e        |          e           |   True    |
|        b        |          p           |   False   |
|        l        |          l           |   True    |
|        p        |          b           |   False   |
|        y        |          y           |   True    |
|        v        |          v           |   True    |
|        m        |          m           |   True    |
|        o        |          k           |   False   |
|        x        |          -           |     -     |
|        g        |          -           |     -     |
|        f        |          -           |     -     |
|        s        |          -           |     -     |
|        w        |          -           |     -     |
|        j        |          -           |     -     |
|        c        |          -           |     -     |
|        q        |          -           |     -     |
|        k        |          -           |     -     |

Used counters: 12 of total 16
Accuracy: 75.0%

___ k=18 ___

|  Character  |  Exact Counter  | Frequency Counter | Absolute Error | Relative Error (%) | Distribution (%) |
|------------------------------------------------------------------------------------------------------------|
|      u      |       25        |        23         |       2        |        8.0         |       23.0       |
|      r      |       22        |        20         |       2        |        9.09        |       20.0       |
|      i      |       10        |         8         |       2        |        20.0        |       8.0        |
|      z      |        5        |         3         |       2        |        40.0        |       3.0        |
|      e      |        4        |         2         |       2        |        50.0        |       2.0        |
|      b      |        4        |         2         |       2        |        50.0        |       2.0        |
|      l      |        4        |         2         |       2        |        50.0        |       2.0        |
|      p      |        4        |         2         |       2        |        50.0        |       2.0        |
|      y      |        3        |         1         |       2        |       66.67        |       1.0        |
|      v      |        2        |         0         |       -        |         -          |        -         |
|      m      |        2        |         0         |       -        |         -          |        -         |
|      o      |        2        |         0         |       -        |         -          |        -         |
|      x      |        2        |         0         |       -        |         -          |        -         |
|      g      |        2        |         0         |       -        |         -          |        -         |
|      f      |        2        |         0         |       -        |         -          |        -         |
|      s      |        2        |         0         |       -        |         -          |        -         |
|      w      |        1        |         0         |       -        |         -          |        -         |
|      j      |        1        |         0         |       -        |         -          |        -         |
|      c      |        1        |         0         |       -        |         -          |        -         |
|      q      |        1        |         0         |       -        |         -          |        -         |
|      k      |        1        |         1         |       0        |        0.0         |       1.0        |


|  Exact Counter  |  Frequency Counter   |   Match   |
|----------------------------------------------------|
|        u        |          u           |   True    |
|        r        |          r           |   True    |
|        i        |          i           |   True    |
|        z        |          z           |   True    |
|        e        |          e           |   True    |
|        b        |          b           |   True    |
|        l        |          l           |   True    |
|        p        |          p           |   True    |
|        y        |          y           |   True    |
|        v        |          k           |   False   |
|        m        |          -           |     -     |
|        o        |          -           |     -     |
|        x        |          -           |     -     |
|        g        |          -           |     -     |
|        f        |          -           |     -     |
|        s        |          -           |     -     |
|        w        |          -           |     -     |
|        j        |          -           |     -     |
|        c        |          -           |     -     |
|        q        |          -           |     -     |
|        k        |          -           |     -     |

Used counters: 10 of total 17
Accuracy: 90.0%

___ k=19 ___

|  Character  |  Exact Counter  | Frequency Counter | Absolute Error | Relative Error (%) | Distribution (%) |
|------------------------------------------------------------------------------------------------------------|
|      u      |       25        |        24         |       1        |        4.0         |       24.0       |
|      r      |       22        |        21         |       1        |        4.55        |       21.0       |
|      i      |       10        |         9         |       1        |        10.0        |       9.0        |
|      z      |        5        |         4         |       1        |        20.0        |       4.0        |
|      e      |        4        |         3         |       1        |        25.0        |       3.0        |
|      b      |        4        |         3         |       1        |        25.0        |       3.0        |
|      l      |        4        |         3         |       1        |        25.0        |       3.0        |
|      p      |        4        |         3         |       1        |        25.0        |       3.0        |
|      y      |        3        |         2         |       1        |       33.33        |       2.0        |
|      v      |        2        |         1         |       1        |        50.0        |       1.0        |
|      m      |        2        |         1         |       1        |        50.0        |       1.0        |
|      o      |        2        |         1         |       1        |        50.0        |       1.0        |
|      x      |        2        |         1         |       1        |        50.0        |       1.0        |
|      g      |        2        |         1         |       1        |        50.0        |       1.0        |
|      f      |        2        |         1         |       1        |        50.0        |       1.0        |
|      s      |        2        |         1         |       1        |        50.0        |       1.0        |
|      w      |        1        |         0         |       -        |         -          |        -         |
|      j      |        1        |         0         |       -        |         -          |        -         |
|      c      |        1        |         0         |       -        |         -          |        -         |
|      q      |        1        |         1         |       0        |        0.0         |       1.0        |
|      k      |        1        |         1         |       0        |        0.0         |       1.0        |


|  Exact Counter  |  Frequency Counter   |   Match   |
|----------------------------------------------------|
|        u        |          u           |   True    |
|        r        |          r           |   True    |
|        i        |          i           |   True    |
|        z        |          z           |   True    |
|        e        |          e           |   True    |
|        b        |          b           |   True    |
|        l        |          l           |   True    |
|        p        |          p           |   True    |
|        y        |          y           |   True    |
|        v        |          o           |   False   |
|        m        |          x           |   False   |
|        o        |          g           |   False   |
|        x        |          s           |   False   |
|        g        |          f           |   False   |
|        f        |          q           |   False   |
|        s        |          v           |   False   |
|        w        |          m           |   False   |
|        j        |          k           |   False   |
|        c        |          -           |     -     |
|        q        |          -           |     -     |
|        k        |          -           |     -     |

Used counters: 18 of total 18
Accuracy: 50.0%

___ k=20 ___

|  Character  |  Exact Counter  | Frequency Counter | Absolute Error | Relative Error (%) | Distribution (%) |
|------------------------------------------------------------------------------------------------------------|
|      u      |       25        |        24         |       1        |        4.0         |       24.0       |
|      r      |       22        |        21         |       1        |        4.55        |       21.0       |
|      i      |       10        |         9         |       1        |        10.0        |       9.0        |
|      z      |        5        |         4         |       1        |        20.0        |       4.0        |
|      e      |        4        |         3         |       1        |        25.0        |       3.0        |
|      b      |        4        |         3         |       1        |        25.0        |       3.0        |
|      l      |        4        |         3         |       1        |        25.0        |       3.0        |
|      p      |        4        |         3         |       1        |        25.0        |       3.0        |
|      y      |        3        |         2         |       1        |       33.33        |       2.0        |
|      v      |        2        |         1         |       1        |        50.0        |       1.0        |
|      m      |        2        |         1         |       1        |        50.0        |       1.0        |
|      o      |        2        |         1         |       1        |        50.0        |       1.0        |
|      x      |        2        |         1         |       1        |        50.0        |       1.0        |
|      g      |        2        |         1         |       1        |        50.0        |       1.0        |
|      f      |        2        |         1         |       1        |        50.0        |       1.0        |
|      s      |        2        |         1         |       1        |        50.0        |       1.0        |
|      w      |        1        |         0         |       -        |         -          |        -         |
|      j      |        1        |         0         |       -        |         -          |        -         |
|      c      |        1        |         0         |       -        |         -          |        -         |
|      q      |        1        |         0         |       -        |         -          |        -         |
|      k      |        1        |         1         |       0        |        0.0         |       1.0        |


|  Exact Counter  |  Frequency Counter   |   Match   |
|----------------------------------------------------|
|        u        |          u           |   True    |
|        r        |          r           |   True    |
|        i        |          i           |   True    |
|        z        |          z           |   True    |
|        e        |          e           |   True    |
|        b        |          b           |   True    |
|        l        |          l           |   True    |
|        p        |          p           |   True    |
|        y        |          y           |   True    |
|        v        |          o           |   False   |
|        m        |          x           |   False   |
|        o        |          g           |   False   |
|        x        |          f           |   False   |
|        g        |          s           |   False   |
|        f        |          v           |   False   |
|        s        |          m           |   False   |
|        w        |          k           |   False   |
|        j        |          -           |     -     |
|        c        |          -           |     -     |
|        q        |          -           |     -     |
|        k        |          -           |     -     |

Used counters: 17 of total 19
Accuracy: 52.94%

___ k=21 ___

|  Character  |  Exact Counter  | Frequency Counter | Absolute Error | Relative Error (%) | Distribution (%) |
|------------------------------------------------------------------------------------------------------------|
|      u      |       25        |        24         |       1        |        4.0         |       24.0       |
|      r      |       22        |        21         |       1        |        4.55        |       21.0       |
|      i      |       10        |         9         |       1        |        10.0        |       9.0        |
|      z      |        5        |         4         |       1        |        20.0        |       4.0        |
|      e      |        4        |         3         |       1        |        25.0        |       3.0        |
|      b      |        4        |         3         |       1        |        25.0        |       3.0        |
|      l      |        4        |         3         |       1        |        25.0        |       3.0        |
|      p      |        4        |         3         |       1        |        25.0        |       3.0        |
|      y      |        3        |         2         |       1        |       33.33        |       2.0        |
|      v      |        2        |         1         |       1        |        50.0        |       1.0        |
|      m      |        2        |         1         |       1        |        50.0        |       1.0        |
|      o      |        2        |         1         |       1        |        50.0        |       1.0        |
|      x      |        2        |         1         |       1        |        50.0        |       1.0        |
|      g      |        2        |         1         |       1        |        50.0        |       1.0        |
|      f      |        2        |         1         |       1        |        50.0        |       1.0        |
|      s      |        2        |         1         |       1        |        50.0        |       1.0        |
|      w      |        1        |         0         |       -        |         -          |        -         |
|      j      |        1        |         0         |       -        |         -          |        -         |
|      c      |        1        |         0         |       -        |         -          |        -         |
|      q      |        1        |         0         |       -        |         -          |        -         |
|      k      |        1        |         0         |       -        |         -          |        -         |


|  Exact Counter  |  Frequency Counter   |   Match   |
|----------------------------------------------------|
|        u        |          u           |   True    |
|        r        |          r           |   True    |
|        i        |          i           |   True    |
|        z        |          z           |   True    |
|        e        |          e           |   True    |
|        b        |          b           |   True    |
|        l        |          l           |   True    |
|        p        |          p           |   True    |
|        y        |          y           |   True    |
|        v        |          v           |   True    |
|        m        |          m           |   True    |
|        o        |          o           |   True    |
|        x        |          x           |   True    |
|        g        |          g           |   True    |
|        f        |          f           |   True    |
|        s        |          s           |   True    |
|        w        |          -           |     -     |
|        j        |          -           |     -     |
|        c        |          -           |     -     |
|        q        |          -           |     -     |
|        k        |          -           |     -     |

Used counters: 16 of total 20
Accuracy: 100.0%

___ k=22 ___

|  Character  |  Exact Counter  | Frequency Counter | Absolute Error | Relative Error (%) | Distribution (%) |
|------------------------------------------------------------------------------------------------------------|
|      u      |       25        |        25         |       0        |        0.0         |       25.0       |
|      r      |       22        |        22         |       0        |        0.0         |       22.0       |
|      i      |       10        |        10         |       0        |        0.0         |       10.0       |
|      z      |        5        |         5         |       0        |        0.0         |       5.0        |
|      e      |        4        |         4         |       0        |        0.0         |       4.0        |
|      b      |        4        |         4         |       0        |        0.0         |       4.0        |
|      l      |        4        |         4         |       0        |        0.0         |       4.0        |
|      p      |        4        |         4         |       0        |        0.0         |       4.0        |
|      y      |        3        |         3         |       0        |        0.0         |       3.0        |
|      v      |        2        |         2         |       0        |        0.0         |       2.0        |
|      m      |        2        |         2         |       0        |        0.0         |       2.0        |
|      o      |        2        |         2         |       0        |        0.0         |       2.0        |
|      x      |        2        |         2         |       0        |        0.0         |       2.0        |
|      g      |        2        |         2         |       0        |        0.0         |       2.0        |
|      f      |        2        |         2         |       0        |        0.0         |       2.0        |
|      s      |        2        |         2         |       0        |        0.0         |       2.0        |
|      w      |        1        |         1         |       0        |        0.0         |       1.0        |
|      j      |        1        |         1         |       0        |        0.0         |       1.0        |
|      c      |        1        |         1         |       0        |        0.0         |       1.0        |
|      q      |        1        |         1         |       0        |        0.0         |       1.0        |
|      k      |        1        |         1         |       0        |        0.0         |       1.0        |


|  Exact Counter  |  Frequency Counter   |   Match   |
|----------------------------------------------------|
|        u        |          u           |   True    |
|        r        |          r           |   True    |
|        i        |          i           |   True    |
|        z        |          z           |   True    |
|        e        |          e           |   True    |
|        b        |          b           |   True    |
|        l        |          l           |   True    |
|        p        |          p           |   True    |
|        y        |          y           |   True    |
|        v        |          v           |   True    |
|        m        |          m           |   True    |
|        o        |          o           |   True    |
|        x        |          x           |   True    |
|        g        |          g           |   True    |
|        f        |          f           |   True    |
|        s        |          s           |   True    |
|        w        |          w           |   True    |
|        j        |          j           |   True    |
|        c        |          c           |   True    |
|        q        |          q           |   True    |
|        k        |          k           |   True    |

Used counters: 21 of total 21
Accuracy: 100.0%

___ k=23 ___

|  Character  |  Exact Counter  | Frequency Counter | Absolute Error | Relative Error (%) | Distribution (%) |
|------------------------------------------------------------------------------------------------------------|
|      u      |       25        |        25         |       0        |        0.0         |       25.0       |
|      r      |       22        |        22         |       0        |        0.0         |       22.0       |
|      i      |       10        |        10         |       0        |        0.0         |       10.0       |
|      z      |        5        |         5         |       0        |        0.0         |       5.0        |
|      e      |        4        |         4         |       0        |        0.0         |       4.0        |
|      b      |        4        |         4         |       0        |        0.0         |       4.0        |
|      l      |        4        |         4         |       0        |        0.0         |       4.0        |
|      p      |        4        |         4         |       0        |        0.0         |       4.0        |
|      y      |        3        |         3         |       0        |        0.0         |       3.0        |
|      v      |        2        |         2         |       0        |        0.0         |       2.0        |
|      m      |        2        |         2         |       0        |        0.0         |       2.0        |
|      o      |        2        |         2         |       0        |        0.0         |       2.0        |
|      x      |        2        |         2         |       0        |        0.0         |       2.0        |
|      g      |        2        |         2         |       0        |        0.0         |       2.0        |
|      f      |        2        |         2         |       0        |        0.0         |       2.0        |
|      s      |        2        |         2         |       0        |        0.0         |       2.0        |
|      w      |        1        |         1         |       0        |        0.0         |       1.0        |
|      j      |        1        |         1         |       0        |        0.0         |       1.0        |
|      c      |        1        |         1         |       0        |        0.0         |       1.0        |
|      q      |        1        |         1         |       0        |        0.0         |       1.0        |
|      k      |        1        |         1         |       0        |        0.0         |       1.0        |


|  Exact Counter  |  Frequency Counter   |   Match   |
|----------------------------------------------------|
|        u        |          u           |   True    |
|        r        |          r           |   True    |
|        i        |          i           |   True    |
|        z        |          z           |   True    |
|        e        |          e           |   True    |
|        b        |          b           |   True    |
|        l        |          l           |   True    |
|        p        |          p           |   True    |
|        y        |          y           |   True    |
|        v        |          v           |   True    |
|        m        |          m           |   True    |
|        o        |          o           |   True    |
|        x        |          x           |   True    |
|        g        |          g           |   True    |
|        f        |          f           |   True    |
|        s        |          s           |   True    |
|        w        |          w           |   True    |
|        j        |          j           |   True    |
|        c        |          c           |   True    |
|        q        |          q           |   True    |
|        k        |          k           |   True    |

Used counters: 21 of total 22
Accuracy: 100.0%

___ k=24 ___

|  Character  |  Exact Counter  | Frequency Counter | Absolute Error | Relative Error (%) | Distribution (%) |
|------------------------------------------------------------------------------------------------------------|
|      u      |       25        |        25         |       0        |        0.0         |       25.0       |
|      r      |       22        |        22         |       0        |        0.0         |       22.0       |
|      i      |       10        |        10         |       0        |        0.0         |       10.0       |
|      z      |        5        |         5         |       0        |        0.0         |       5.0        |
|      e      |        4        |         4         |       0        |        0.0         |       4.0        |
|      b      |        4        |         4         |       0        |        0.0         |       4.0        |
|      l      |        4        |         4         |       0        |        0.0         |       4.0        |
|      p      |        4        |         4         |       0        |        0.0         |       4.0        |
|      y      |        3        |         3         |       0        |        0.0         |       3.0        |
|      v      |        2        |         2         |       0        |        0.0         |       2.0        |
|      m      |        2        |         2         |       0        |        0.0         |       2.0        |
|      o      |        2        |         2         |       0        |        0.0         |       2.0        |
|      x      |        2        |         2         |       0        |        0.0         |       2.0        |
|      g      |        2        |         2         |       0        |        0.0         |       2.0        |
|      f      |        2        |         2         |       0        |        0.0         |       2.0        |
|      s      |        2        |         2         |       0        |        0.0         |       2.0        |
|      w      |        1        |         1         |       0        |        0.0         |       1.0        |
|      j      |        1        |         1         |       0        |        0.0         |       1.0        |
|      c      |        1        |         1         |       0        |        0.0         |       1.0        |
|      q      |        1        |         1         |       0        |        0.0         |       1.0        |
|      k      |        1        |         1         |       0        |        0.0         |       1.0        |


|  Exact Counter  |  Frequency Counter   |   Match   |
|----------------------------------------------------|
|        u        |          u           |   True    |
|        r        |          r           |   True    |
|        i        |          i           |   True    |
|        z        |          z           |   True    |
|        e        |          e           |   True    |
|        b        |          b           |   True    |
|        l        |          l           |   True    |
|        p        |          p           |   True    |
|        y        |          y           |   True    |
|        v        |          v           |   True    |
|        m        |          m           |   True    |
|        o        |          o           |   True    |
|        x        |          x           |   True    |
|        g        |          g           |   True    |
|        f        |          f           |   True    |
|        s        |          s           |   True    |
|        w        |          w           |   True    |
|        j        |          j           |   True    |
|        c        |          c           |   True    |
|        q        |          q           |   True    |
|        k        |          k           |   True    |

Used counters: 21 of total 23
Accuracy: 100.0%

___ k=25 ___

|  Character  |  Exact Counter  | Frequency Counter | Absolute Error | Relative Error (%) | Distribution (%) |
|------------------------------------------------------------------------------------------------------------|
|      u      |       25        |        25         |       0        |        0.0         |       25.0       |
|      r      |       22        |        22         |       0        |        0.0         |       22.0       |
|      i      |       10        |        10         |       0        |        0.0         |       10.0       |
|      z      |        5        |         5         |       0        |        0.0         |       5.0        |
|      e      |        4        |         4         |       0        |        0.0         |       4.0        |
|      b      |        4        |         4         |       0        |        0.0         |       4.0        |
|      l      |        4        |         4         |       0        |        0.0         |       4.0        |
|      p      |        4        |         4         |       0        |        0.0         |       4.0        |
|      y      |        3        |         3         |       0        |        0.0         |       3.0        |
|      v      |        2        |         2         |       0        |        0.0         |       2.0        |
|      m      |        2        |         2         |       0        |        0.0         |       2.0        |
|      o      |        2        |         2         |       0        |        0.0         |       2.0        |
|      x      |        2        |         2         |       0        |        0.0         |       2.0        |
|      g      |        2        |         2         |       0        |        0.0         |       2.0        |
|      f      |        2        |         2         |       0        |        0.0         |       2.0        |
|      s      |        2        |         2         |       0        |        0.0         |       2.0        |
|      w      |        1        |         1         |       0        |        0.0         |       1.0        |
|      j      |        1        |         1         |       0        |        0.0         |       1.0        |
|      c      |        1        |         1         |       0        |        0.0         |       1.0        |
|      q      |        1        |         1         |       0        |        0.0         |       1.0        |
|      k      |        1        |         1         |       0        |        0.0         |       1.0        |


|  Exact Counter  |  Frequency Counter   |   Match   |
|----------------------------------------------------|
|        u        |          u           |   True    |
|        r        |          r           |   True    |
|        i        |          i           |   True    |
|        z        |          z           |   True    |
|        e        |          e           |   True    |
|        b        |          b           |   True    |
|        l        |          l           |   True    |
|        p        |          p           |   True    |
|        y        |          y           |   True    |
|        v        |          v           |   True    |
|        m        |          m           |   True    |
|        o        |          o           |   True    |
|        x        |          x           |   True    |
|        g        |          g           |   True    |
|        f        |          f           |   True    |
|        s        |          s           |   True    |
|        w        |          w           |   True    |
|        j        |          j           |   True    |
|        c        |          c           |   True    |
|        q        |          q           |   True    |
|        k        |          k           |   True    |

Used counters: 21 of total 24
Accuracy: 100.0%

___ k=26 ___

|  Character  |  Exact Counter  | Frequency Counter | Absolute Error | Relative Error (%) | Distribution (%) |
|------------------------------------------------------------------------------------------------------------|
|      u      |       25        |        25         |       0        |        0.0         |       25.0       |
|      r      |       22        |        22         |       0        |        0.0         |       22.0       |
|      i      |       10        |        10         |       0        |        0.0         |       10.0       |
|      z      |        5        |         5         |       0        |        0.0         |       5.0        |
|      e      |        4        |         4         |       0        |        0.0         |       4.0        |
|      b      |        4        |         4         |       0        |        0.0         |       4.0        |
|      l      |        4        |         4         |       0        |        0.0         |       4.0        |
|      p      |        4        |         4         |       0        |        0.0         |       4.0        |
|      y      |        3        |         3         |       0        |        0.0         |       3.0        |
|      v      |        2        |         2         |       0        |        0.0         |       2.0        |
|      m      |        2        |         2         |       0        |        0.0         |       2.0        |
|      o      |        2        |         2         |       0        |        0.0         |       2.0        |
|      x      |        2        |         2         |       0        |        0.0         |       2.0        |
|      g      |        2        |         2         |       0        |        0.0         |       2.0        |
|      f      |        2        |         2         |       0        |        0.0         |       2.0        |
|      s      |        2        |         2         |       0        |        0.0         |       2.0        |
|      w      |        1        |         1         |       0        |        0.0         |       1.0        |
|      j      |        1        |         1         |       0        |        0.0         |       1.0        |
|      c      |        1        |         1         |       0        |        0.0         |       1.0        |
|      q      |        1        |         1         |       0        |        0.0         |       1.0        |
|      k      |        1        |         1         |       0        |        0.0         |       1.0        |


|  Exact Counter  |  Frequency Counter   |   Match   |
|----------------------------------------------------|
|        u        |          u           |   True    |
|        r        |          r           |   True    |
|        i        |          i           |   True    |
|        z        |          z           |   True    |
|        e        |          e           |   True    |
|        b        |          b           |   True    |
|        l        |          l           |   True    |
|        p        |          p           |   True    |
|        y        |          y           |   True    |
|        v        |          v           |   True    |
|        m        |          m           |   True    |
|        o        |          o           |   True    |
|        x        |          x           |   True    |
|        g        |          g           |   True    |
|        f        |          f           |   True    |
|        s        |          s           |   True    |
|        w        |          w           |   True    |
|        j        |          j           |   True    |
|        c        |          c           |   True    |
|        q        |          q           |   True    |
|        k        |          k           |   True    |

Used counters: 21 of total 25
Accuracy: 100.0%

